<?xml version="1.0" encoding="UTF-8"?>
<testng-results skipped="0" failed="0" ignored="0" total="1" passed="1">
  <reporter-output>
  </reporter-output>
  <suite name="Default suite" duration-ms="60745" started-at="2019-05-16T14:42:04Z" finished-at="2019-05-16T14:43:04Z">
    <groups>
    </groups>
    <test name="Default test" duration-ms="60745" started-at="2019-05-16T14:42:04Z" finished-at="2019-05-16T14:43:04Z">
      <class name="weather.WeatherApiTest">
        <test-method status="PASS" signature="upsrtc()[pri:0, instance:weather.WeatherApiTest@25b2fe]" name="upsrtc" duration-ms="60558" started-at="2019-05-16T14:42:04Z" finished-at="2019-05-16T14:43:04Z">
          <reporter-output>
          </reporter-output>
        </test-method> <!-- upsrtc -->
      </class> <!-- weather.WeatherApiTest -->
    </test> <!-- Default test -->
  </suite> <!-- Default suite -->
</testng-results>
